<?xml version="1.0" encoding="UTF-8"?>
<!-- Generated by org.testng.reporters.JUnitXMLReporter -->
<testsuite ignored="0" hostname="AjayKumarBajpay" failures="1" tests="3" name="OrangeHRMTest_edge" time="117.427" errors="0" timestamp="2026-01-03T09:29:07 IST">
  <testcase classname="com.orangeHRM.test.HomePageTest" name="verifyOrangeHRMLogo" time="33.106">
    <skipped/>
  </testcase> <!-- verifyOrangeHRMLogo -->
  <testcase classname="com.orangeHRM.test.HomePageTest" name="verifyOrangeHRMLogo" time="33.492">
    <skipped/>
  </testcase> <!-- verifyOrangeHRMLogo -->
  <testcase classname="com.orangeHRM.test.HomePageTest" name="verifyOrangeHRMLogo" time="33.188">
    <failure type="java.lang.AssertionError" message="Logo is not visible expected [true] but found [false]">
      <![CDATA[java.lang.AssertionError: Logo is not visible expected [true] but found [false]
at com.orangeHRM.test.HomePageTest.verifyOrangeHRMLogo(HomePageTest.java:27)
at java.base/java.util.concurrent.Executors$RunnableAdapter.call(Executors.java:545)
at java.base/java.util.concurrent.FutureTask.run(FutureTask.java:328)
at java.base/java.util.concurrent.ThreadPoolExecutor.runWorker(ThreadPoolExecutor.java:1090)
at java.base/java.util.concurrent.ThreadPoolExecutor$Worker.run(ThreadPoolExecutor.java:614)
at java.base/java.lang.Thread.run(Thread.java:1474)
... Removed 14 stack frames]]>
    </failure>
  </testcase> <!-- verifyOrangeHRMLogo -->
</testsuite> <!-- OrangeHRMTest_edge -->
