<?xml version="1.0" encoding="UTF-8"?>
<testng-results ignored="0" total="2" passed="2" failed="0" skipped="0">
  <reporter-output>
  </reporter-output>
  <suite started-at="2026-01-02T12:27:48 IST" name="OrangeHRMSuite" finished-at="2026-01-02T12:28:26 IST" duration-ms="38287">
    <groups>
    </groups>
    <test started-at="2026-01-02T12:27:48 IST" name="OrangeHRMTest" finished-at="2026-01-02T12:28:26 IST" duration-ms="38287">
      <class name="com.orangeHRM.test.HomePageTest">
        <test-method is-config="true" signature="loadConfig()[pri:0, instance:com.orangeHRM.test.HomePageTest@609db546]" started-at="2026-01-02T12:27:48 IST" name="loadConfig" finished-at="2026-01-02T12:27:48 IST" duration-ms="37" status="PASS">
          <reporter-output>
          </reporter-output>
        </test-method> <!-- loadConfig -->
        <test-method is-config="true" signature="setup()[pri:0, instance:com.orangeHRM.test.HomePageTest@609db546]" started-at="2026-01-02T12:27:48 IST" name="setup" finished-at="2026-01-02T12:28:17 IST" duration-ms="28886" status="PASS">
          <reporter-output>
          </reporter-output>
        </test-method> <!-- setup -->
        <test-method is-config="true" signature="setupPages()[pri:0, instance:com.orangeHRM.test.HomePageTest@609db546]" started-at="2026-01-02T12:28:17 IST" name="setupPages" finished-at="2026-01-02T12:28:17 IST" duration-ms="9" status="PASS">
          <reporter-output>
          </reporter-output>
        </test-method> <!-- setupPages -->
        <test-method signature="verifyOrangeHRMLogo()[pri:0, instance:com.orangeHRM.test.HomePageTest@609db546]" started-at="2026-01-02T12:28:17 IST" name="verifyOrangeHRMLogo" finished-at="2026-01-02T12:28:26 IST" duration-ms="8693" status="PASS">
          <reporter-output>
          </reporter-output>
        </test-method> <!-- verifyOrangeHRMLogo -->
        <test-method is-config="true" signature="tearDown()[pri:0, instance:com.orangeHRM.test.HomePageTest@609db546]" started-at="2026-01-02T12:28:26 IST" name="tearDown" finished-at="2026-01-02T12:28:26 IST" duration-ms="262" status="PASS">
          <reporter-output>
          </reporter-output>
        </test-method> <!-- tearDown -->
      </class> <!-- com.orangeHRM.test.HomePageTest -->
      <class name="com.orangeHRM.test.ApiTest">
        <test-method signature="verifyGetUserAPI()[pri:0, instance:com.orangeHRM.test.ApiTest@4b14c583]" started-at="2026-01-02T12:27:48 IST" name="verifyGetUserAPI" finished-at="2026-01-02T12:28:08 IST" duration-ms="20541" status="PASS">
          <reporter-output>
          </reporter-output>
        </test-method> <!-- verifyGetUserAPI -->
      </class> <!-- com.orangeHRM.test.ApiTest -->
    </test> <!-- OrangeHRMTest -->
  </suite> <!-- OrangeHRMSuite -->
</testng-results>
