<?xml version="1.0" encoding="UTF-8"?>
<testng-results ignored="0" total="2" passed="2" failed="0" skipped="0">
  <reporter-output>
  </reporter-output>
  <suite started-at="2026-01-01T12:27:09 IST" name="OrangeHRMSuite" finished-at="2026-01-01T12:27:18 IST" duration-ms="9765">
    <groups>
    </groups>
    <test started-at="2026-01-01T12:27:09 IST" name="OrangeHRMTest" finished-at="2026-01-01T12:27:18 IST" duration-ms="9765">
      <class name="com.orangeHRM.test.HomePageTest">
        <test-method is-config="true" signature="loadConfig()[pri:0, instance:com.orangeHRM.test.HomePageTest@13ad5cd3]" started-at="2026-01-01T12:27:09 IST" name="loadConfig" finished-at="2026-01-01T12:27:09 IST" duration-ms="18" status="PASS">
          <reporter-output>
          </reporter-output>
        </test-method> <!-- loadConfig -->
        <test-method is-config="true" signature="setup()[pri:0, instance:com.orangeHRM.test.HomePageTest@13ad5cd3]" started-at="2026-01-01T12:27:09 IST" name="setup" finished-at="2026-01-01T12:27:15 IST" duration-ms="6067" status="PASS">
          <reporter-output>
          </reporter-output>
        </test-method> <!-- setup -->
        <test-method is-config="true" signature="setupPages()[pri:0, instance:com.orangeHRM.test.HomePageTest@13ad5cd3]" started-at="2026-01-01T12:27:15 IST" name="setupPages" finished-at="2026-01-01T12:27:15 IST" duration-ms="10" status="PASS">
          <reporter-output>
          </reporter-output>
        </test-method> <!-- setupPages -->
        <test-method signature="verifyOrangeHRMLogo()[pri:0, instance:com.orangeHRM.test.HomePageTest@13ad5cd3]" started-at="2026-01-01T12:27:15 IST" name="verifyOrangeHRMLogo" finished-at="2026-01-01T12:27:18 IST" duration-ms="3061" status="PASS">
          <reporter-output>
          </reporter-output>
        </test-method> <!-- verifyOrangeHRMLogo -->
        <test-method is-config="true" signature="tearDown()[pri:0, instance:com.orangeHRM.test.HomePageTest@13ad5cd3]" started-at="2026-01-01T12:27:18 IST" name="tearDown" finished-at="2026-01-01T12:27:18 IST" duration-ms="220" status="PASS">
          <reporter-output>
          </reporter-output>
        </test-method> <!-- tearDown -->
      </class> <!-- com.orangeHRM.test.HomePageTest -->
      <class name="com.orangeHRM.test.ApiTest">
        <test-method signature="verifyGetUserAPI()[pri:0, instance:com.orangeHRM.test.ApiTest@359f7cdf]" started-at="2026-01-01T12:27:09 IST" name="verifyGetUserAPI" finished-at="2026-01-01T12:27:12 IST" duration-ms="3367" status="PASS">
          <reporter-output>
          </reporter-output>
        </test-method> <!-- verifyGetUserAPI -->
      </class> <!-- com.orangeHRM.test.ApiTest -->
    </test> <!-- OrangeHRMTest -->
  </suite> <!-- OrangeHRMSuite -->
</testng-results>
